0 info it worked if it ends with ok
1 verbose cli [ '/home/hxg/.nvm/versions/node/v5.5.0/bin/node',
1 verbose cli   '/home/hxg/.nvm/versions/node/v5.5.0/bin/npm',
1 verbose cli   'run',
1 verbose cli   'uv' ]
2 info using npm@3.3.12
3 info using node@v5.5.0
4 verbose run-script [ 'preuv', 'uv', 'postuv' ]
5 info lifecycle sv-plugin-indooratlas@1.0.0~preuv: sv-plugin-indooratlas@1.0.0
6 silly lifecycle sv-plugin-indooratlas@1.0.0~preuv: no script for preuv, continuing
7 info lifecycle sv-plugin-indooratlas@1.0.0~uv: sv-plugin-indooratlas@1.0.0
8 verbose lifecycle sv-plugin-indooratlas@1.0.0~uv: unsafe-perm in lifecycle true
9 verbose lifecycle sv-plugin-indooratlas@1.0.0~uv: PATH: /home/hxg/.nvm/versions/node/v5.5.0/lib/node_modules/npm/bin/node-gyp-bin:/home/hxg/Development/AndroidStudioProjects/sv-cordova-plugins/sv-plugin-indooratlas/node_modules/.bin:/home/hxg/.nvm/versions/node/v5.5.0/bin:/usr/local/sbin:/usr/local/bin:/usr/sbin:/usr/bin:/sbin:/bin:/usr/games:/usr/local/games:$JAVA_HOME/bin:/home/hxg/Local/mvn/apache-maven-3.0.5/bin:/home/hxg/Local/ant/apache-ant-1.9.0/bin:/home/hxg/Local/adt-bundle-linux-x86_64-20140702/sdk/platform-tools:/home/hxg/Local/adt-bundle-linux-x86_64-20140702/sdk/tools:/usr/lib/jvm/jdk1.8.0_25/bin:/home/hxg/Local/gradle/gradle-2.2.1/bin:/home/hxg/packer/packer-0.8.0:/home/hxg/Local/mvn/apache-maven-3.0.5/bin:/home/hxg/Local/ant/apache-ant-1.9.0/bin:/home/hxg/Local/adt-bundle-linux-x86_64-20140702/sdk/platform-tools:/home/hxg/Local/adt-bundle-linux-x86_64-20140702/sdk/tools:/usr/lib/jvm/jdk1.8.0_25/bin:/home/hxg/Local/gradle/gradle-2.2.1/bin:/home/hxg/packer/packer-0.8.0
10 verbose lifecycle sv-plugin-indooratlas@1.0.0~uv: CWD: /home/hxg/Development/AndroidStudioProjects/sv-cordova-plugins/sv-plugin-indooratlas
11 silly lifecycle sv-plugin-indooratlas@1.0.0~uv: Args: [ '-c',
11 silly lifecycle   'npm version patch && node update-version.js && npm run commit' ]
12 silly lifecycle sv-plugin-indooratlas@1.0.0~uv: Returned: code: 1  signal: null
13 info lifecycle sv-plugin-indooratlas@1.0.0~uv: Failed to exec uv script
14 verbose stack Error: sv-plugin-indooratlas@1.0.0 uv: `npm version patch && node update-version.js && npm run commit`
14 verbose stack Exit status 1
14 verbose stack     at EventEmitter.<anonymous> (/home/hxg/.nvm/versions/node/v5.5.0/lib/node_modules/npm/lib/utils/lifecycle.js:232:16)
14 verbose stack     at emitTwo (events.js:100:13)
14 verbose stack     at EventEmitter.emit (events.js:185:7)
14 verbose stack     at ChildProcess.<anonymous> (/home/hxg/.nvm/versions/node/v5.5.0/lib/node_modules/npm/lib/utils/spawn.js:24:14)
14 verbose stack     at emitTwo (events.js:100:13)
14 verbose stack     at ChildProcess.emit (events.js:185:7)
14 verbose stack     at maybeClose (internal/child_process.js:821:16)
14 verbose stack     at Process.ChildProcess._handle.onexit (internal/child_process.js:211:5)
15 verbose pkgid sv-plugin-indooratlas@1.0.0
16 verbose cwd /home/hxg/Development/AndroidStudioProjects/sv-cordova-plugins/sv-plugin-indooratlas
17 error Linux 3.13.0-86-generic
18 error argv "/home/hxg/.nvm/versions/node/v5.5.0/bin/node" "/home/hxg/.nvm/versions/node/v5.5.0/bin/npm" "run" "uv"
19 error node v5.5.0
20 error npm  v3.3.12
21 error code ELIFECYCLE
22 error sv-plugin-indooratlas@1.0.0 uv: `npm version patch && node update-version.js && npm run commit`
22 error Exit status 1
23 error Failed at the sv-plugin-indooratlas@1.0.0 uv script 'npm version patch && node update-version.js && npm run commit'.
23 error Make sure you have the latest version of node.js and npm installed.
23 error If you do, this is most likely a problem with the sv-plugin-indooratlas package,
23 error not with npm itself.
23 error Tell the author that this fails on your system:
23 error     npm version patch && node update-version.js && npm run commit
23 error You can get their info via:
23 error     npm owner ls sv-plugin-indooratlas
23 error There is likely additional logging output above.
24 verbose exit [ 1, true ]
